  [1m[35m (148.8ms)[0m  [1m[35mCREATE DATABASE "food_manager_development" ENCODING = 'unicode'[0m
  [1m[35m (55.3ms)[0m  [1m[35mCREATE DATABASE "food_manager_test" ENCODING = 'unicode'[0m
  [1m[35m (12.2ms)[0m  [1m[35mCREATE TABLE "schema_migrations" ("version" character varying NOT NULL PRIMARY KEY)[0m
  [1m[35m (4.1ms)[0m  [1m[35mCREATE TABLE "ar_internal_metadata" ("key" character varying NOT NULL PRIMARY KEY, "value" character varying, "created_at" timestamp(6) NOT NULL, "updated_at" timestamp(6) NOT NULL)[0m
  [1m[35m (0.2ms)[0m  [1m[34mSELECT pg_try_advisory_lock(7833668960711651190)[0m
  [1m[35m (1.6ms)[0m  [1m[34mSELECT "schema_migrations"."version" FROM "schema_migrations" ORDER BY "schema_migrations"."version" ASC[0m
Migrating to CreateFoodItems (20220318032939)
  [1m[36mTRANSACTION (0.4ms)[0m  [1m[35mBEGIN[0m
  [1m[35m (7.8ms)[0m  [1m[35mCREATE TABLE "food_items" ("id" bigserial primary key, "name" text, "quantity" integer, "quantity_units" text, "price" float, "purchased" date, "expires" date, "created_at" timestamp(6) NOT NULL, "updated_at" timestamp(6) NOT NULL)[0m
  [1m[36mActiveRecord::SchemaMigration Create (0.4ms)[0m  [1m[32mINSERT INTO "schema_migrations" ("version") VALUES ($1) RETURNING "version"[0m  [["version", "20220318032939"]]
  [1m[36mTRANSACTION (0.6ms)[0m  [1m[35mCOMMIT[0m
  [1m[36mActiveRecord::InternalMetadata Load (0.4ms)[0m  [1m[34mSELECT "ar_internal_metadata".* FROM "ar_internal_metadata" WHERE "ar_internal_metadata"."key" = $1 LIMIT $2[0m  [["key", "environment"], ["LIMIT", 1]]
  [1m[36mTRANSACTION (0.1ms)[0m  [1m[35mBEGIN[0m
  [1m[36mActiveRecord::InternalMetadata Create (0.8ms)[0m  [1m[32mINSERT INTO "ar_internal_metadata" ("key", "value", "created_at", "updated_at") VALUES ($1, $2, $3, $4) RETURNING "key"[0m  [["key", "environment"], ["value", "development"], ["created_at", "2022-03-18 03:50:16.060071"], ["updated_at", "2022-03-18 03:50:16.060071"]]
  [1m[36mTRANSACTION (0.4ms)[0m  [1m[35mCOMMIT[0m
  [1m[35m (0.3ms)[0m  [1m[34mSELECT pg_advisory_unlock(7833668960711651190)[0m
  [1m[35m (0.7ms)[0m  [1m[34mSELECT "schema_migrations"."version" FROM "schema_migrations" ORDER BY "schema_migrations"."version" ASC[0m
  [1m[35m (0.7ms)[0m  [1m[34mSELECT "schema_migrations"."version" FROM "schema_migrations" ORDER BY "schema_migrations"."version" ASC[0m
  [1m[36mFoodItem Load (0.8ms)[0m  [1m[34mSELECT "food_items".* FROM "food_items"[0m
  [1m[36mTRANSACTION (0.1ms)[0m  [1m[35mBEGIN[0m
  [1m[36mFoodItem Create (6.3ms)[0m  [1m[32mINSERT INTO "food_items" ("name", "quantity", "quantity_units", "price", "purchased", "expires", "created_at", "updated_at") VALUES ($1, $2, $3, $4, $5, $6, $7, $8) RETURNING "id"[0m  [["name", "Milk"], ["quantity", 1], ["quantity_units", "each"], ["price", 4.29], ["purchased", "2022-02-14"], ["expires", "2022-02-25"], ["created_at", "2022-03-18 03:50:25.385158"], ["updated_at", "2022-03-18 03:50:25.385158"]]
  [1m[36mTRANSACTION (0.3ms)[0m  [1m[35mCOMMIT[0m
  [1m[36mTRANSACTION (0.1ms)[0m  [1m[35mBEGIN[0m
  [1m[36mFoodItem Create (0.2ms)[0m  [1m[32mINSERT INTO "food_items" ("name", "quantity", "quantity_units", "price", "purchased", "expires", "created_at", "updated_at") VALUES ($1, $2, $3, $4, $5, $6, $7, $8) RETURNING "id"[0m  [["name", "Cheddar"], ["quantity", 1], ["quantity_units", "each"], ["price", 8.49], ["purchased", "2022-02-14"], ["expires", "2022-04-25"], ["created_at", "2022-03-18 03:50:25.394862"], ["updated_at", "2022-03-18 03:50:25.394862"]]
  [1m[36mTRANSACTION (0.2ms)[0m  [1m[35mCOMMIT[0m
  [1m[36mTRANSACTION (0.1ms)[0m  [1m[35mBEGIN[0m
  [1m[36mFoodItem Create (0.2ms)[0m  [1m[32mINSERT INTO "food_items" ("name", "quantity", "quantity_units", "price", "purchased", "expires", "created_at", "updated_at") VALUES ($1, $2, $3, $4, $5, $6, $7, $8) RETURNING "id"[0m  [["name", "Banana"], ["quantity", 6], ["quantity_units", "each"], ["price", 0.45], ["purchased", "2022-03-01"], ["expires", "2022-03-08"], ["created_at", "2022-03-18 03:50:25.396556"], ["updated_at", "2022-03-18 03:50:25.396556"]]
  [1m[36mTRANSACTION (0.2ms)[0m  [1m[35mCOMMIT[0m
  [1m[36mTRANSACTION (0.0ms)[0m  [1m[35mBEGIN[0m
  [1m[36mFoodItem Create (0.2ms)[0m  [1m[32mINSERT INTO "food_items" ("name", "quantity", "quantity_units", "price", "purchased", "expires", "created_at", "updated_at") VALUES ($1, $2, $3, $4, $5, $6, $7, $8) RETURNING "id"[0m  [["name", "Mushroom Soup"], ["quantity", 1], ["quantity_units", "each"], ["price", 1.29], ["purchased", "2022-02-14"], ["expires", "2023-02-14"], ["created_at", "2022-03-18 03:50:25.398218"], ["updated_at", "2022-03-18 03:50:25.398218"]]
  [1m[36mTRANSACTION (0.2ms)[0m  [1m[35mCOMMIT[0m
Started GET "/" for ::1 at 2022-03-17 21:50:57 -0600
  [1m[35m (0.8ms)[0m  [1m[34mSELECT "schema_migrations"."version" FROM "schema_migrations" ORDER BY "schema_migrations"."version" ASC[0m
Processing by Rails::WelcomeController#index as HTML
  Rendering /Users/darcy/.rbenv/versions/3.0.3/lib/ruby/gems/3.0.0/gems/railties-6.1.5/lib/rails/templates/rails/welcome/index.html.erb
  Rendered /Users/darcy/.rbenv/versions/3.0.3/lib/ruby/gems/3.0.0/gems/railties-6.1.5/lib/rails/templates/rails/welcome/index.html.erb (Duration: 3.9ms | Allocations: 600)
Completed 200 OK in 14ms (Views: 9.1ms | ActiveRecord: 0.0ms | Allocations: 4798)


Started GET "/food_items" for ::1 at 2022-03-17 21:53:15 -0600
  
AbstractController::ActionNotFound (The action 'index' could not be found for FoodItemsController):
  
actionpack (6.1.5) lib/abstract_controller/base.rb:160:in `process'
actionview (6.1.5) lib/action_view/rendering.rb:39:in `process'
actionpack (6.1.5) lib/action_controller/metal.rb:190:in `dispatch'
actionpack (6.1.5) lib/action_controller/metal.rb:254:in `dispatch'
actionpack (6.1.5) lib/action_dispatch/routing/route_set.rb:50:in `dispatch'
actionpack (6.1.5) lib/action_dispatch/routing/route_set.rb:33:in `serve'
actionpack (6.1.5) lib/action_dispatch/journey/router.rb:50:in `block in serve'
actionpack (6.1.5) lib/action_dispatch/journey/router.rb:32:in `each'
actionpack (6.1.5) lib/action_dispatch/journey/router.rb:32:in `serve'
actionpack (6.1.5) lib/action_dispatch/routing/route_set.rb:842:in `call'
rack (2.2.3) lib/rack/tempfile_reaper.rb:15:in `call'
rack (2.2.3) lib/rack/etag.rb:27:in `call'
rack (2.2.3) lib/rack/conditional_get.rb:27:in `call'
rack (2.2.3) lib/rack/head.rb:12:in `call'
actionpack (6.1.5) lib/action_dispatch/http/permissions_policy.rb:22:in `call'
actionpack (6.1.5) lib/action_dispatch/http/content_security_policy.rb:19:in `call'
rack (2.2.3) lib/rack/session/abstract/id.rb:266:in `context'
rack (2.2.3) lib/rack/session/abstract/id.rb:260:in `call'
actionpack (6.1.5) lib/action_dispatch/middleware/cookies.rb:689:in `call'
activerecord (6.1.5) lib/active_record/migration.rb:601:in `call'
actionpack (6.1.5) lib/action_dispatch/middleware/callbacks.rb:27:in `block in call'
activesupport (6.1.5) lib/active_support/callbacks.rb:98:in `run_callbacks'
actionpack (6.1.5) lib/action_dispatch/middleware/callbacks.rb:26:in `call'
actionpack (6.1.5) lib/action_dispatch/middleware/executor.rb:14:in `call'
actionpack (6.1.5) lib/action_dispatch/middleware/actionable_exceptions.rb:18:in `call'
actionpack (6.1.5) lib/action_dispatch/middleware/debug_exceptions.rb:29:in `call'
web-console (4.2.0) lib/web_console/middleware.rb:132:in `call_app'
web-console (4.2.0) lib/web_console/middleware.rb:28:in `block in call'
web-console (4.2.0) lib/web_console/middleware.rb:17:in `catch'
web-console (4.2.0) lib/web_console/middleware.rb:17:in `call'
actionpack (6.1.5) lib/action_dispatch/middleware/show_exceptions.rb:33:in `call'
railties (6.1.5) lib/rails/rack/logger.rb:37:in `call_app'
railties (6.1.5) lib/rails/rack/logger.rb:26:in `block in call'
activesupport (6.1.5) lib/active_support/tagged_logging.rb:99:in `block in tagged'
activesupport (6.1.5) lib/active_support/tagged_logging.rb:37:in `tagged'
activesupport (6.1.5) lib/active_support/tagged_logging.rb:99:in `tagged'
railties (6.1.5) lib/rails/rack/logger.rb:26:in `call'
sprockets-rails (3.4.2) lib/sprockets/rails/quiet_assets.rb:13:in `call'
actionpack (6.1.5) lib/action_dispatch/middleware/remote_ip.rb:81:in `call'
actionpack (6.1.5) lib/action_dispatch/middleware/request_id.rb:26:in `call'
rack (2.2.3) lib/rack/method_override.rb:24:in `call'
rack (2.2.3) lib/rack/runtime.rb:22:in `call'
activesupport (6.1.5) lib/active_support/cache/strategy/local_cache_middleware.rb:29:in `call'
actionpack (6.1.5) lib/action_dispatch/middleware/executor.rb:14:in `call'
actionpack (6.1.5) lib/action_dispatch/middleware/static.rb:24:in `call'
rack (2.2.3) lib/rack/sendfile.rb:110:in `call'
actionpack (6.1.5) lib/action_dispatch/middleware/host_authorization.rb:148:in `call'
rack-mini-profiler (2.3.4) lib/mini_profiler/profiler.rb:393:in `call'
webpacker (5.4.3) lib/webpacker/dev_server_proxy.rb:25:in `perform_request'
rack-proxy (0.7.2) lib/rack/proxy.rb:67:in `call'
railties (6.1.5) lib/rails/engine.rb:539:in `call'
puma (5.6.2) lib/puma/configuration.rb:252:in `call'
puma (5.6.2) lib/puma/request.rb:77:in `block in handle_request'
puma (5.6.2) lib/puma/thread_pool.rb:340:in `with_force_shutdown'
puma (5.6.2) lib/puma/request.rb:76:in `handle_request'
puma (5.6.2) lib/puma/server.rb:441:in `process_client'
puma (5.6.2) lib/puma/thread_pool.rb:147:in `block in spawn_thread'
Started GET "/food_items" for ::1 at 2022-03-17 21:53:59 -0600
Processing by FoodItemsController#index as HTML
Completed 406 Not Acceptable in 3ms (ActiveRecord: 0.0ms | Allocations: 2032)


  
ActionController::MissingExactTemplate (FoodItemsController#index is missing a template for request formats: text/html):
  
actionpack (6.1.5) lib/action_controller/metal/implicit_render.rb:45:in `default_render'
actionpack (6.1.5) lib/action_controller/metal/basic_implicit_render.rb:6:in `block in send_action'
<internal:kernel>:90:in `tap'
actionpack (6.1.5) lib/action_controller/metal/basic_implicit_render.rb:6:in `send_action'
actionpack (6.1.5) lib/abstract_controller/base.rb:228:in `process_action'
actionpack (6.1.5) lib/action_controller/metal/rendering.rb:30:in `process_action'
actionpack (6.1.5) lib/abstract_controller/callbacks.rb:42:in `block in process_action'
activesupport (6.1.5) lib/active_support/callbacks.rb:117:in `block in run_callbacks'
react-rails (2.6.1) lib/react/rails/controller_lifecycle.rb:31:in `use_react_component_helper'
activesupport (6.1.5) lib/active_support/callbacks.rb:126:in `block in run_callbacks'
actiontext (6.1.5) lib/action_text/rendering.rb:20:in `with_renderer'
actiontext (6.1.5) lib/action_text/engine.rb:59:in `block (4 levels) in <class:Engine>'
activesupport (6.1.5) lib/active_support/callbacks.rb:126:in `instance_exec'
activesupport (6.1.5) lib/active_support/callbacks.rb:126:in `block in run_callbacks'
activesupport (6.1.5) lib/active_support/callbacks.rb:137:in `run_callbacks'
actionpack (6.1.5) lib/abstract_controller/callbacks.rb:41:in `process_action'
actionpack (6.1.5) lib/action_controller/metal/rescue.rb:22:in `process_action'
actionpack (6.1.5) lib/action_controller/metal/instrumentation.rb:34:in `block in process_action'
activesupport (6.1.5) lib/active_support/notifications.rb:203:in `block in instrument'
activesupport (6.1.5) lib/active_support/notifications/instrumenter.rb:24:in `instrument'
activesupport (6.1.5) lib/active_support/notifications.rb:203:in `instrument'
actionpack (6.1.5) lib/action_controller/metal/instrumentation.rb:33:in `process_action'
actionpack (6.1.5) lib/action_controller/metal/params_wrapper.rb:249:in `process_action'
activerecord (6.1.5) lib/active_record/railties/controller_runtime.rb:27:in `process_action'
actionpack (6.1.5) lib/abstract_controller/base.rb:165:in `process'
actionview (6.1.5) lib/action_view/rendering.rb:39:in `process'
actionpack (6.1.5) lib/action_controller/metal.rb:190:in `dispatch'
actionpack (6.1.5) lib/action_controller/metal.rb:254:in `dispatch'
actionpack (6.1.5) lib/action_dispatch/routing/route_set.rb:50:in `dispatch'
actionpack (6.1.5) lib/action_dispatch/routing/route_set.rb:33:in `serve'
actionpack (6.1.5) lib/action_dispatch/journey/router.rb:50:in `block in serve'
actionpack (6.1.5) lib/action_dispatch/journey/router.rb:32:in `each'
actionpack (6.1.5) lib/action_dispatch/journey/router.rb:32:in `serve'
actionpack (6.1.5) lib/action_dispatch/routing/route_set.rb:842:in `call'
rack (2.2.3) lib/rack/tempfile_reaper.rb:15:in `call'
rack (2.2.3) lib/rack/etag.rb:27:in `call'
rack (2.2.3) lib/rack/conditional_get.rb:27:in `call'
rack (2.2.3) lib/rack/head.rb:12:in `call'
actionpack (6.1.5) lib/action_dispatch/http/permissions_policy.rb:22:in `call'
actionpack (6.1.5) lib/action_dispatch/http/content_security_policy.rb:19:in `call'
rack (2.2.3) lib/rack/session/abstract/id.rb:266:in `context'
rack (2.2.3) lib/rack/session/abstract/id.rb:260:in `call'
actionpack (6.1.5) lib/action_dispatch/middleware/cookies.rb:689:in `call'
activerecord (6.1.5) lib/active_record/migration.rb:601:in `call'
actionpack (6.1.5) lib/action_dispatch/middleware/callbacks.rb:27:in `block in call'
activesupport (6.1.5) lib/active_support/callbacks.rb:98:in `run_callbacks'
actionpack (6.1.5) lib/action_dispatch/middleware/callbacks.rb:26:in `call'
actionpack (6.1.5) lib/action_dispatch/middleware/executor.rb:14:in `call'
actionpack (6.1.5) lib/action_dispatch/middleware/actionable_exceptions.rb:18:in `call'
actionpack (6.1.5) lib/action_dispatch/middleware/debug_exceptions.rb:29:in `call'
web-console (4.2.0) lib/web_console/middleware.rb:132:in `call_app'
web-console (4.2.0) lib/web_console/middleware.rb:28:in `block in call'
web-console (4.2.0) lib/web_console/middleware.rb:17:in `catch'
web-console (4.2.0) lib/web_console/middleware.rb:17:in `call'
actionpack (6.1.5) lib/action_dispatch/middleware/show_exceptions.rb:33:in `call'
railties (6.1.5) lib/rails/rack/logger.rb:37:in `call_app'
railties (6.1.5) lib/rails/rack/logger.rb:26:in `block in call'
activesupport (6.1.5) lib/active_support/tagged_logging.rb:99:in `block in tagged'
activesupport (6.1.5) lib/active_support/tagged_logging.rb:37:in `tagged'
activesupport (6.1.5) lib/active_support/tagged_logging.rb:99:in `tagged'
railties (6.1.5) lib/rails/rack/logger.rb:26:in `call'
sprockets-rails (3.4.2) lib/sprockets/rails/quiet_assets.rb:13:in `call'
actionpack (6.1.5) lib/action_dispatch/middleware/remote_ip.rb:81:in `call'
actionpack (6.1.5) lib/action_dispatch/middleware/request_id.rb:26:in `call'
rack (2.2.3) lib/rack/method_override.rb:24:in `call'
rack (2.2.3) lib/rack/runtime.rb:22:in `call'
activesupport (6.1.5) lib/active_support/cache/strategy/local_cache_middleware.rb:29:in `call'
actionpack (6.1.5) lib/action_dispatch/middleware/executor.rb:14:in `call'
actionpack (6.1.5) lib/action_dispatch/middleware/static.rb:24:in `call'
rack (2.2.3) lib/rack/sendfile.rb:110:in `call'
actionpack (6.1.5) lib/action_dispatch/middleware/host_authorization.rb:148:in `call'
rack-mini-profiler (2.3.4) lib/mini_profiler/profiler.rb:393:in `call'
webpacker (5.4.3) lib/webpacker/dev_server_proxy.rb:25:in `perform_request'
rack-proxy (0.7.2) lib/rack/proxy.rb:67:in `call'
railties (6.1.5) lib/rails/engine.rb:539:in `call'
puma (5.6.2) lib/puma/configuration.rb:252:in `call'
puma (5.6.2) lib/puma/request.rb:77:in `block in handle_request'
puma (5.6.2) lib/puma/thread_pool.rb:340:in `with_force_shutdown'
puma (5.6.2) lib/puma/request.rb:76:in `handle_request'
puma (5.6.2) lib/puma/server.rb:441:in `process_client'
puma (5.6.2) lib/puma/thread_pool.rb:147:in `block in spawn_thread'
Started GET "/food_items" for ::1 at 2022-03-17 21:55:28 -0600
Processing by FoodItemsController#index as HTML
  Rendering layout layouts/application.html.erb
  Rendering food_items/index.html within layouts/application
  Rendered food_items/index.html within layouts/application (Duration: 0.2ms | Allocations: 128)
[Webpacker] Compiling...
[Webpacker] Compiled all packs in /Users/darcy/lighthouse/final/food-manager/public/packs
[Webpacker] Hash: 37a2a103fa366a33e1da
Version: webpack 4.46.0
Time: 2263ms
Built at: 2022-03-17 9:55:32 p.m.
                                          Asset      Size            Chunks                         Chunk Names
         js/application-3a1a1236b5b47366fe1e.js  1.34 MiB       application  [emitted] [immutable]  application
     js/application-3a1a1236b5b47366fe1e.js.map  1.54 MiB       application  [emitted] [dev]        application
         js/hello_react-def289af737067e5a17d.js  1.09 MiB       hello_react  [emitted] [immutable]  hello_react
     js/hello_react-def289af737067e5a17d.js.map  1.26 MiB       hello_react  [emitted] [dev]        hello_react
    js/server_rendering-0b965be7e6d83627a39b.js  1.22 MiB  server_rendering  [emitted] [immutable]  server_rendering
js/server_rendering-0b965be7e6d83627a39b.js.map  1.41 MiB  server_rendering  [emitted] [dev]        server_rendering
                                  manifest.json  1.05 KiB                    [emitted]              
Entrypoint application = js/application-3a1a1236b5b47366fe1e.js js/application-3a1a1236b5b47366fe1e.js.map
Entrypoint hello_react = js/hello_react-def289af737067e5a17d.js js/hello_react-def289af737067e5a17d.js.map
Entrypoint server_rendering = js/server_rendering-0b965be7e6d83627a39b.js js/server_rendering-0b965be7e6d83627a39b.js.map
[./app/javascript/channels sync recursive _channel\.js$] ./app/javascript/channels sync _channel\.js$ 160 bytes {application} [built]
[./app/javascript/channels/index.js] 211 bytes {application} [built]
[./app/javascript/components sync recursive ^\.\/.*$] ./app/javascript/components sync ^\.\/.*$ 160 bytes {application} {server_rendering} [built]
[./app/javascript/packs/application.js] 710 bytes {application} [built]
[./app/javascript/packs/hello_react.jsx] 1.07 KiB {hello_react} [built]
[./app/javascript/packs/server_rendering.js] 301 bytes {server_rendering} [built]
[./node_modules/webpack/buildin/module.js] (webpack)/buildin/module.js 552 bytes {application} [built]
    + 31 hidden modules

  Rendered layout layouts/application.html.erb (Duration: 3538.5ms | Allocations: 15281)
Completed 200 OK in 3542ms (Views: 3540.1ms | ActiveRecord: 0.0ms | Allocations: 17273)


Started GET "/food_items" for ::1 at 2022-03-17 22:08:02 -0600
Processing by FoodItemsController#index as HTML
  Rendering layout layouts/application.html.erb
  Rendering food_items/index.html within layouts/application
  Rendered food_items/index.html within layouts/application (Duration: 0.5ms | Allocations: 123)
[Webpacker] Everything's up-to-date. Nothing to do
  Rendered layout layouts/application.html.erb (Duration: 9.2ms | Allocations: 4083)
Completed 200 OK in 15ms (Views: 12.9ms | Allocations: 5427)


Started GET "/food_items" for ::1 at 2022-03-17 22:08:16 -0600
Processing by FoodItemsController#index as HTML
  Rendering layout layouts/application.html.erb
  Rendering food_items/index.html within layouts/application
  Rendered food_items/index.html within layouts/application (Duration: 0.4ms | Allocations: 122)
[Webpacker] Everything's up-to-date. Nothing to do
  Rendered layout layouts/application.html.erb (Duration: 7.9ms | Allocations: 4028)
Completed 200 OK in 11ms (Views: 9.8ms | Allocations: 5495)


Started GET "/food_items" for ::1 at 2022-03-17 22:10:43 -0600
Processing by FoodItemsController#index as HTML
  Rendering layout layouts/application.html.erb
  Rendering food_items/index.html.erb within layouts/application
  [1m[36mFoodItem Load (1.9ms)[0m  [1m[34mSELECT "food_items".* FROM "food_items"[0m
  ↳ app/views/food_items/index.html.erb:21
  Rendered food_items/index.html.erb within layouts/application (Duration: 67.1ms | Allocations: 13078)
  Rendered layout layouts/application.html.erb (Duration: 67.5ms | Allocations: 13157)
Completed 500 Internal Server Error in 72ms (ActiveRecord: 30.4ms | Allocations: 14534)


  
ActionView::Template::Error (Missing partial food_items/_food_item with {:locale=>[:en], :formats=>[:html], :variants=>[], :handlers=>[:raw, :erb, :html, :builder, :ruby, :jbuilder]}. Searched in:
  * "/Users/darcy/lighthouse/final/food-manager/app/views"
  * "/Users/darcy/.rbenv/versions/3.0.3/lib/ruby/gems/3.0.0/gems/actiontext-6.1.5/app/views"
  * "/Users/darcy/.rbenv/versions/3.0.3/lib/ruby/gems/3.0.0/gems/actionmailbox-6.1.5/app/views"
):
    18:         </tr>
    19:       </thead>
    20:       <tbody>
    21:         <%= render @food_items %>
    22:       </tbody>
    23:     </table>
    24: 
  
app/views/food_items/index.html.erb:21
Started GET "/food_items" for ::1 at 2022-03-17 22:10:59 -0600
Processing by FoodItemsController#index as HTML
  Rendering layout layouts/application.html.erb
  Rendering food_items/index.html.erb within layouts/application
  Rendered food_items/index.html.erb within layouts/application (Duration: 16.6ms | Allocations: 4239)
  Rendered layout layouts/application.html.erb (Duration: 17.0ms | Allocations: 4326)
Completed 500 Internal Server Error in 21ms (ActiveRecord: 0.0ms | Allocations: 5696)


  
ActionView::Template::Error ('nil' is not an ActiveModel-compatible object. It must implement :to_partial_path.):
    18:         </tr>
    19:       </thead>
    20:       <tbody>
    21:         <%= render @foods %>
    22:       </tbody>
    23:     </table>
    24: 
  
app/views/food_items/index.html.erb:21
Started GET "/food_items" for ::1 at 2022-03-17 22:11:24 -0600
Processing by FoodItemsController#index as HTML
  Rendering layout layouts/application.html.erb
  Rendering food_items/index.html.erb within layouts/application
  [1m[36mFoodItem Load (1.1ms)[0m  [1m[34mSELECT "food_items".* FROM "food_items"[0m
  ↳ app/views/food_items/index.html.erb:21
  Rendered food_items/index.html.erb within layouts/application (Duration: 6.3ms | Allocations: 2638)
  Rendered layout layouts/application.html.erb (Duration: 6.5ms | Allocations: 2716)
Completed 500 Internal Server Error in 10ms (ActiveRecord: 1.1ms | Allocations: 4072)


  
ActionView::Template::Error (Missing partial food_items/_food_item with {:locale=>[:en], :formats=>[:html], :variants=>[], :handlers=>[:raw, :erb, :html, :builder, :ruby, :jbuilder]}. Searched in:
  * "/Users/darcy/lighthouse/final/food-manager/app/views"
  * "/Users/darcy/.rbenv/versions/3.0.3/lib/ruby/gems/3.0.0/gems/actiontext-6.1.5/app/views"
  * "/Users/darcy/.rbenv/versions/3.0.3/lib/ruby/gems/3.0.0/gems/actionmailbox-6.1.5/app/views"
):
    18:         </tr>
    19:       </thead>
    20:       <tbody>
    21:         <%= render @food_items %>
    22:       </tbody>
    23:     </table>
    24: 
  
app/views/food_items/index.html.erb:21
Started GET "/food_items" for ::1 at 2022-03-17 22:12:17 -0600
Processing by FoodItemsController#index as HTML
  Rendering layout layouts/application.html.erb
  Rendering food_items/index.html.erb within layouts/application
  [1m[36mFoodItem Load (1.0ms)[0m  [1m[34mSELECT "food_items".* FROM "food_items"[0m
  ↳ app/views/food_items/index.html.erb:21
  Rendered collection of food_items/_food_item.html.erb [4 times] (Duration: 2.0ms | Allocations: 399)
  Rendered food_items/index.html.erb within layouts/application (Duration: 7.9ms | Allocations: 1929)
[Webpacker] Everything's up-to-date. Nothing to do
  Rendered layout layouts/application.html.erb (Duration: 15.6ms | Allocations: 5826)
Completed 200 OK in 24ms (Views: 21.1ms | ActiveRecord: 1.0ms | Allocations: 7228)


Started GET "/food_items" for ::1 at 2022-03-17 22:15:07 -0600
Processing by FoodItemsController#index as HTML
  Rendering layout layouts/application.html.erb
  Rendering food_items/index.html.erb within layouts/application
  [1m[36mFoodItem Load (1.2ms)[0m  [1m[34mSELECT "food_items".* FROM "food_items"[0m
  ↳ app/views/food_items/index.html.erb:21
  Rendered collection of food_items/_food_item.html.erb [4 times] (Duration: 0.3ms | Allocations: 142)
  Rendered food_items/index.html.erb within layouts/application (Duration: 6.1ms | Allocations: 1234)
  Rendered layout layouts/application.html.erb (Duration: 23.9ms | Allocations: 5059)
Completed 500 Internal Server Error in 27ms (ActiveRecord: 1.2ms | Allocations: 5548)


  
ActionView::Template::Error (Error: File to import not found or unreadable: bootstrap-sprockets.
        on line 18:1 of app/assets/stylesheets/application.scss
>> @import "bootstrap-sprockets";

   ^
):
     6:     <%= csrf_meta_tags %>
     7:     <%= csp_meta_tag %>
     8: 
     9:     <%= stylesheet_link_tag 'application', media: 'all', 'data-turbolinks-track': 'reload' %>
    10:     <%= javascript_pack_tag 'application', 'data-turbolinks-track': 'reload' %>
    11:   </head>
    12: 
  
app/assets/stylesheets/application.scss:18
app/views/layouts/application.html.erb:9
Started GET "/food_items" for ::1 at 2022-03-17 22:15:29 -0600
Processing by FoodItemsController#index as HTML
  Rendering layout layouts/application.html.erb
  Rendering food_items/index.html.erb within layouts/application
  [1m[36mFoodItem Load (1.0ms)[0m  [1m[34mSELECT "food_items".* FROM "food_items"[0m
  ↳ app/views/food_items/index.html.erb:21
  Rendered collection of food_items/_food_item.html.erb [4 times] (Duration: 0.4ms | Allocations: 142)
  Rendered food_items/index.html.erb within layouts/application (Duration: 4.9ms | Allocations: 1236)
  Rendered layout layouts/application.html.erb (Duration: 14.2ms | Allocations: 4911)
Completed 500 Internal Server Error in 16ms (ActiveRecord: 1.0ms | Allocations: 5340)


  
ActionView::Template::Error (Error: File to import not found or unreadable: bootstrap.
        on line 19:1 of app/assets/stylesheets/application.scss
>> @import "bootstrap";

   ^
):
     6:     <%= csrf_meta_tags %>
     7:     <%= csp_meta_tag %>
     8: 
     9:     <%= stylesheet_link_tag 'application', media: 'all', 'data-turbolinks-track': 'reload' %>
    10:     <%= javascript_pack_tag 'application', 'data-turbolinks-track': 'reload' %>
    11:   </head>
    12: 
  
app/assets/stylesheets/application.scss:19
app/views/layouts/application.html.erb:9
Started GET "/food_items" for ::1 at 2022-03-17 22:16:19 -0600
Processing by FoodItemsController#index as HTML
  Rendering layout layouts/application.html.erb
  Rendering food_items/index.html.erb within layouts/application
  [1m[36mFoodItem Load (1.1ms)[0m  [1m[34mSELECT "food_items".* FROM "food_items"[0m
  ↳ app/views/food_items/index.html.erb:21
  Rendered collection of food_items/_food_item.html.erb [4 times] (Duration: 0.2ms | Allocations: 142)
  Rendered food_items/index.html.erb within layouts/application (Duration: 4.5ms | Allocations: 1242)
[Webpacker] Everything's up-to-date. Nothing to do
  Rendered layout layouts/application.html.erb (Duration: 26.9ms | Allocations: 8991)
Completed 200 OK in 28ms (Views: 26.4ms | ActiveRecord: 1.1ms | Allocations: 9457)


  
ActionController::RoutingError (No route matches [GET] "/assets/bootstrap-sprockets"):
  
  
ActionController::RoutingError (No route matches [GET] "/assets/products"):
  
  
ActionController::RoutingError (No route matches [GET] "/assets/bootstrap"):
  
  
ActionController::RoutingError (No route matches [GET] "/assets/font-awesome"):
  
Started GET "/food_items" for ::1 at 2022-03-17 22:45:42 -0600
  
ArgumentError (Missing :controller key on routes definition, please check your routes.):
  
config/routes.rb:3:in `block in <main>'
config/routes.rb:1:in `<main>'
Started GET "/" for ::1 at 2022-03-17 22:46:06 -0600
  
ArgumentError (Missing :controller key on routes definition, please check your routes.):
  
config/routes.rb:3:in `block in <main>'
config/routes.rb:1:in `<main>'
Started GET "/" for ::1 at 2022-03-17 22:46:46 -0600
  
NameError (undefined local variable or method `pages' for #<ActionDispatch::Routing::Mapper:0x0000000122329218 @set=#<ActionDispatch::Routing::RouteSet:0x0000000113335e28>, @draw_paths=[#<Pathname:/Users/darcy/lighthouse/final/food-manager/config/routes>], @scope=#<ActionDispatch::Routing::Mapper::Scope:0x00000001223291c8 @hash={:path_names=>{:new=>"new", :edit=>"edit"}}, @parent=#<ActionDispatch::Routing::Mapper::Scope:0x0000000124be9658 @hash=nil, @parent=nil, @scope_level=nil>, @scope_level=nil>, @concerns={}>):
  
config/routes.rb:3:in `block in <main>'
config/routes.rb:1:in `<main>'
Started GET "/" for ::1 at 2022-03-17 22:47:04 -0600
  
ArgumentError (must be called with a path and/or options):
  
config/routes.rb:3:in `block in <main>'
config/routes.rb:1:in `<main>'
Started GET "/" for ::1 at 2022-03-17 22:47:22 -0600
Processing by PagesController#home as HTML
  Rendering layout layouts/application.html.erb
  Rendering pages/home.html.erb within layouts/application
  Rendered pages/home.html.erb within layouts/application (Duration: 0.4ms | Allocations: 143)
[Webpacker] Compiling...
[Webpacker] Compiled all packs in /Users/darcy/lighthouse/final/food-manager/public/packs
[Webpacker] Hash: 2937832ce5295613dc57
Version: webpack 4.46.0
Time: 648ms
Built at: 2022-03-17 10:47:24 p.m.
                                          Asset      Size            Chunks                         Chunk Names
         js/application-505723ccc719a5600abf.js  1.34 MiB       application  [emitted] [immutable]  application
     js/application-505723ccc719a5600abf.js.map  1.54 MiB       application  [emitted] [dev]        application
         js/hello_react-def289af737067e5a17d.js  1.09 MiB       hello_react  [emitted] [immutable]  hello_react
     js/hello_react-def289af737067e5a17d.js.map  1.26 MiB       hello_react  [emitted] [dev]        hello_react
    js/server_rendering-51aa0c20d426775eb107.js  1.22 MiB  server_rendering  [emitted] [immutable]  server_rendering
js/server_rendering-51aa0c20d426775eb107.js.map  1.41 MiB  server_rendering  [emitted] [dev]        server_rendering
                                  manifest.json  1.05 KiB                    [emitted]              
Entrypoint application = js/application-505723ccc719a5600abf.js js/application-505723ccc719a5600abf.js.map
Entrypoint hello_react = js/hello_react-def289af737067e5a17d.js js/hello_react-def289af737067e5a17d.js.map
Entrypoint server_rendering = js/server_rendering-51aa0c20d426775eb107.js js/server_rendering-51aa0c20d426775eb107.js.map
[./app/javascript/channels sync recursive _channel\.js$] ./app/javascript/channels sync _channel\.js$ 160 bytes {application} [built]
[./app/javascript/channels/index.js] 211 bytes {application} [built]
[./app/javascript/components sync recursive ^\.\/.*$] ./app/javascript/components sync ^\.\/.*$ 183 bytes {application} {server_rendering} [built]
[./app/javascript/packs/application.js] 710 bytes {application} [built]
[./app/javascript/packs/hello_react.jsx] 1.07 KiB {hello_react} [built]
[./app/javascript/packs/server_rendering.js] 301 bytes {server_rendering} [built]
[./node_modules/webpack/buildin/module.js] (webpack)/buildin/module.js 552 bytes {application} [built]
    + 32 hidden modules

  Rendered layout layouts/application.html.erb (Duration: 1511.2ms | Allocations: 13463)
Completed 200 OK in 1514ms (Views: 1512.8ms | Allocations: 14932)


  
ActionController::RoutingError (No route matches [GET] "/assets/bootstrap"):
  
  
ActionController::RoutingError (No route matches [GET] "/assets/font-awesome"):
  
  
ActionController::RoutingError (No route matches [GET] "/assets/bootstrap-sprockets"):
  
  
ActionController::RoutingError (No route matches [GET] "/assets/products"):
  
Started GET "/" for ::1 at 2022-03-17 22:49:50 -0600
Processing by PagesController#home as HTML
  Rendering layout layouts/application.html.erb
  Rendering pages/home.html.erb within layouts/application
[Webpacker] Compiling...
[Webpacker] Compiled all packs in /Users/darcy/lighthouse/final/food-manager/public/packs
[Webpacker] Hash: 44e2cf6872a2a0f8a71f
Version: webpack 4.46.0
Time: 681ms
Built at: 2022-03-17 10:49:52 p.m.
                                          Asset      Size            Chunks                         Chunk Names
         js/application-f4e0e73ae4648e358be5.js  1.34 MiB       application  [emitted] [immutable]  application
     js/application-f4e0e73ae4648e358be5.js.map  1.54 MiB       application  [emitted] [dev]        application
         js/hello_react-def289af737067e5a17d.js  1.09 MiB       hello_react  [emitted] [immutable]  hello_react
     js/hello_react-def289af737067e5a17d.js.map  1.26 MiB       hello_react  [emitted] [dev]        hello_react
    js/server_rendering-f3992636edda4f152d9b.js  1.22 MiB  server_rendering  [emitted] [immutable]  server_rendering
js/server_rendering-f3992636edda4f152d9b.js.map  1.41 MiB  server_rendering  [emitted] [dev]        server_rendering
                                  manifest.json  1.05 KiB                    [emitted]              
Entrypoint application = js/application-f4e0e73ae4648e358be5.js js/application-f4e0e73ae4648e358be5.js.map
Entrypoint hello_react = js/hello_react-def289af737067e5a17d.js js/hello_react-def289af737067e5a17d.js.map
Entrypoint server_rendering = js/server_rendering-f3992636edda4f152d9b.js js/server_rendering-f3992636edda4f152d9b.js.map
[./app/javascript/channels sync recursive _channel\.js$] ./app/javascript/channels sync _channel\.js$ 160 bytes {application} [built]
[./app/javascript/channels/index.js] 211 bytes {application} [built]
[./app/javascript/components sync recursive ^\.\/.*$] ./app/javascript/components sync ^\.\/.*$ 183 bytes {application} {server_rendering} [built]
[./app/javascript/packs/application.js] 710 bytes {application} [built]
[./app/javascript/packs/hello_react.jsx] 1.07 KiB {hello_react} [built]
[./app/javascript/packs/server_rendering.js] 301 bytes {server_rendering} [built]
[./node_modules/webpack/buildin/module.js] (webpack)/buildin/module.js 552 bytes {application} [built]
    + 32 hidden modules

  Rendered pages/home.html.erb within layouts/application (Duration: 1458.5ms | Allocations: 3619)
[Webpacker] Everything's up-to-date. Nothing to do
  Rendered layout layouts/application.html.erb (Duration: 1462.3ms | Allocations: 7365)
Completed 200 OK in 1464ms (Views: 1463.5ms | Allocations: 8837)


  
ActionController::RoutingError (No route matches [GET] "/assets/font-awesome"):
  
  
ActionController::RoutingError (No route matches [GET] "/assets/bootstrap-sprockets"):
  
  
ActionController::RoutingError (No route matches [GET] "/assets/bootstrap"):
  
  
ActionController::RoutingError (No route matches [GET] "/assets/products"):
  
Started GET "/" for ::1 at 2022-03-17 22:51:22 -0600
Processing by PagesController#home as HTML
  Rendering layout layouts/application.html.erb
  Rendering pages/home.html.erb within layouts/application
[Webpacker] Compiling...
[Webpacker] Compiled all packs in /Users/darcy/lighthouse/final/food-manager/public/packs
[Webpacker] Hash: d9d594f0f8512d29e00d
Version: webpack 4.46.0
Time: 664ms
Built at: 2022-03-17 10:51:23 p.m.
                                          Asset      Size            Chunks                         Chunk Names
         js/application-a319b7cc2a7d3781951a.js  1.34 MiB       application  [emitted] [immutable]  application
     js/application-a319b7cc2a7d3781951a.js.map  1.54 MiB       application  [emitted] [dev]        application
         js/hello_react-72425c52cea158963ca5.js  1.06 MiB       hello_react  [emitted] [immutable]  hello_react
     js/hello_react-72425c52cea158963ca5.js.map  1.22 MiB       hello_react  [emitted] [dev]        hello_react
    js/server_rendering-e9e93a5f5599943bb681.js  1.22 MiB  server_rendering  [emitted] [immutable]  server_rendering
js/server_rendering-e9e93a5f5599943bb681.js.map  1.41 MiB  server_rendering  [emitted] [dev]        server_rendering
                                  manifest.json  1.05 KiB                    [emitted]              
Entrypoint application = js/application-a319b7cc2a7d3781951a.js js/application-a319b7cc2a7d3781951a.js.map
Entrypoint hello_react = js/hello_react-72425c52cea158963ca5.js js/hello_react-72425c52cea158963ca5.js.map
Entrypoint server_rendering = js/server_rendering-e9e93a5f5599943bb681.js js/server_rendering-e9e93a5f5599943bb681.js.map
[./app/javascript/channels sync recursive _channel\.js$] ./app/javascript/channels sync _channel\.js$ 160 bytes {application} [built]
[./app/javascript/channels/index.js] 211 bytes {application} [built]
[./app/javascript/components sync recursive ^\.\/.*$] ./app/javascript/components sync ^\.\/.*$ 183 bytes {application} {server_rendering} [built]
[./app/javascript/packs/application.js] 710 bytes {application} [built]
[./app/javascript/packs/hello_react.jsx] 748 bytes {hello_react} [built]
[./app/javascript/packs/server_rendering.js] 301 bytes {server_rendering} [built]
[./node_modules/webpack/buildin/module.js] (webpack)/buildin/module.js 552 bytes {application} [built]
    + 25 hidden modules

  Rendered pages/home.html.erb within layouts/application (Duration: 1484.2ms | Allocations: 3514)
[Webpacker] Everything's up-to-date. Nothing to do
  Rendered layout layouts/application.html.erb (Duration: 1487.9ms | Allocations: 7087)
Completed 200 OK in 1489ms (Views: 1488.5ms | Allocations: 7873)


  
ActionController::RoutingError (No route matches [GET] "/assets/font-awesome"):
  
  
ActionController::RoutingError (No route matches [GET] "/assets/bootstrap-sprockets"):
  
  
ActionController::RoutingError (No route matches [GET] "/assets/bootstrap"):
  
  
ActionController::RoutingError (No route matches [GET] "/assets/products"):
  
Started GET "/" for ::1 at 2022-03-18 20:45:36 -0600
Processing by PagesController#home as HTML
  Rendering layout layouts/application.html.erb
  Rendering pages/home.html.erb within layouts/application
[Webpacker] Compiling...
[Webpacker] Compilation failed:
Hash: 4ba16e6d94dacaedb6d6
Version: webpack 4.46.0
Time: 1030ms
Built at: 2022-03-18 8:45:38 p.m.
                                          Asset      Size            Chunks                         Chunk Names
         js/application-8f7c248bc4aa9340efcc.js   1.4 MiB       application  [emitted] [immutable]  application
     js/application-8f7c248bc4aa9340efcc.js.map   1.6 MiB       application  [emitted] [dev]        application
         js/hello_react-72425c52cea158963ca5.js  1.06 MiB       hello_react  [emitted] [immutable]  hello_react
     js/hello_react-72425c52cea158963ca5.js.map  1.22 MiB       hello_react  [emitted] [dev]        hello_react
    js/server_rendering-439b5b1165c9ad0b7dd9.js  1.28 MiB  server_rendering  [emitted] [immutable]  server_rendering
js/server_rendering-439b5b1165c9ad0b7dd9.js.map  1.47 MiB  server_rendering  [emitted] [dev]        server_rendering
                                  manifest.json  1.05 KiB                    [emitted]              
Entrypoint application = js/application-8f7c248bc4aa9340efcc.js js/application-8f7c248bc4aa9340efcc.js.map
Entrypoint hello_react = js/hello_react-72425c52cea158963ca5.js js/hello_react-72425c52cea158963ca5.js.map
Entrypoint server_rendering = js/server_rendering-439b5b1165c9ad0b7dd9.js js/server_rendering-439b5b1165c9ad0b7dd9.js.map
[./app/javascript/channels sync recursive _channel\.js$] ./app/javascript/channels sync _channel\.js$ 160 bytes {application} [built]
[./app/javascript/channels/index.js] 211 bytes {application} [built]
[./app/javascript/components sync recursive ^\.\/.*$] ./app/javascript/components sync ^\.\/.*$ 340 bytes {application} {server_rendering} [built]
[./app/javascript/packs/application.js] 710 bytes {application} [built]
[./app/javascript/packs/hello_react.jsx] 748 bytes {hello_react} [built]
[./app/javascript/packs/server_rendering.js] 301 bytes {server_rendering} [built]
[./node_modules/webpack/buildin/module.js] (webpack)/buildin/module.js 552 bytes {application} [built]
    + 38 hidden modules

ERROR in ./app/javascript/components/Button/Button.jsx
Module not found: Error: [CaseSensitivePathsPlugin] `/Users/darcy/lighthouse/final/food-manager/app/javascript/components/Button/button.css` does not match the corresponding path on disk `Button.css`.
 @ ./app/javascript/components/Button/Button.jsx 12:0-22
 @ ./app/javascript/components sync ^\.\/.*$
 @ ./app/javascript/packs/application.js

  Rendered pages/home.html.erb within layouts/application (Duration: 1911.9ms | Allocations: 3524)
[Webpacker] Everything's up-to-date. Nothing to do
  Rendered layout layouts/application.html.erb (Duration: 1916.5ms | Allocations: 7133)
Completed 200 OK in 1920ms (Views: 1917.1ms | Allocations: 7919)


  
ActionController::RoutingError (No route matches [GET] "/assets/font-awesome"):
  
  
ActionController::RoutingError (No route matches [GET] "/assets/products"):
  
  
ActionController::RoutingError (No route matches [GET] "/assets/bootstrap"):
  
  
ActionController::RoutingError (No route matches [GET] "/assets/bootstrap-sprockets"):
  
Started GET "/" for ::1 at 2022-03-18 20:56:11 -0600
Processing by PagesController#home as HTML
  Rendering layout layouts/application.html.erb
  Rendering pages/home.html.erb within layouts/application
[Webpacker] Everything's up-to-date. Nothing to do
  Rendered pages/home.html.erb within layouts/application (Duration: 11.9ms | Allocations: 2239)
[Webpacker] Everything's up-to-date. Nothing to do
  Rendered layout layouts/application.html.erb (Duration: 23.4ms | Allocations: 5720)
Completed 200 OK in 25ms (Views: 24.0ms | Allocations: 6188)


  
ActionController::RoutingError (No route matches [GET] "/assets/bootstrap"):
  
  
ActionController::RoutingError (No route matches [GET] "/assets/products"):
  
  
ActionController::RoutingError (No route matches [GET] "/assets/bootstrap-sprockets"):
  
  
ActionController::RoutingError (No route matches [GET] "/assets/font-awesome"):
  
Started GET "/" for ::1 at 2022-03-18 21:08:59 -0600
Processing by PagesController#home as HTML
  Rendering layout layouts/application.html.erb
  Rendering pages/home.html.erb within layouts/application
[Webpacker] Compiling...
[Webpacker] Compilation failed:
Hash: 4ba16e6d94dacaedb6d6
Version: webpack 4.46.0
Time: 906ms
Built at: 2022-03-18 9:09:01 p.m.
                                          Asset      Size            Chunks                         Chunk Names
         js/application-8f7c248bc4aa9340efcc.js   1.4 MiB       application  [emitted] [immutable]  application
     js/application-8f7c248bc4aa9340efcc.js.map   1.6 MiB       application  [emitted] [dev]        application
         js/hello_react-72425c52cea158963ca5.js  1.06 MiB       hello_react  [emitted] [immutable]  hello_react
     js/hello_react-72425c52cea158963ca5.js.map  1.22 MiB       hello_react  [emitted] [dev]        hello_react
    js/server_rendering-439b5b1165c9ad0b7dd9.js  1.28 MiB  server_rendering  [emitted] [immutable]  server_rendering
js/server_rendering-439b5b1165c9ad0b7dd9.js.map  1.47 MiB  server_rendering  [emitted] [dev]        server_rendering
                                  manifest.json  1.05 KiB                    [emitted]              
Entrypoint application = js/application-8f7c248bc4aa9340efcc.js js/application-8f7c248bc4aa9340efcc.js.map
Entrypoint hello_react = js/hello_react-72425c52cea158963ca5.js js/hello_react-72425c52cea158963ca5.js.map
Entrypoint server_rendering = js/server_rendering-439b5b1165c9ad0b7dd9.js js/server_rendering-439b5b1165c9ad0b7dd9.js.map
[./app/javascript/channels sync recursive _channel\.js$] ./app/javascript/channels sync _channel\.js$ 160 bytes {application} [built]
[./app/javascript/channels/index.js] 211 bytes {application} [built]
[./app/javascript/components sync recursive ^\.\/.*$] ./app/javascript/components sync ^\.\/.*$ 340 bytes {application} {server_rendering} [built]
[./app/javascript/packs/application.js] 710 bytes {application} [built]
[./app/javascript/packs/hello_react.jsx] 748 bytes {hello_react} [built]
[./app/javascript/packs/server_rendering.js] 301 bytes {server_rendering} [built]
[./node_modules/webpack/buildin/module.js] (webpack)/buildin/module.js 552 bytes {application} [built]
    + 38 hidden modules

ERROR in ./app/javascript/components/Button/Button.jsx
Module not found: Error: [CaseSensitivePathsPlugin] `/Users/darcy/lighthouse/final/food-manager/app/javascript/components/Button/button.css` does not match the corresponding path on disk `Button.css`.
 @ ./app/javascript/components/Button/Button.jsx 12:0-22
 @ ./app/javascript/components sync ^\.\/.*$
 @ ./app/javascript/packs/application.js

  Rendered pages/home.html.erb within layouts/application (Duration: 1683.3ms | Allocations: 3520)
[Webpacker] Everything's up-to-date. Nothing to do
  Rendered layout layouts/application.html.erb (Duration: 1687.1ms | Allocations: 7129)
Completed 200 OK in 1688ms (Views: 1687.7ms | Allocations: 7915)


  
ActionController::RoutingError (No route matches [GET] "/assets/bootstrap-sprockets"):
  
  
ActionController::RoutingError (No route matches [GET] "/assets/products"):
  
  
ActionController::RoutingError (No route matches [GET] "/assets/bootstrap"):
  
  
ActionController::RoutingError (No route matches [GET] "/assets/font-awesome"):
  
Started GET "/reset_database" for ::1 at 2022-03-18 21:09:31 -0600
  
ActionController::RoutingError (No route matches [GET] "/reset_database"):
  
Started GET "/test/reset_database" for ::1 at 2022-03-18 21:11:00 -0600
  [1m[35m (1.2ms)[0m  [1m[34mSELECT "schema_migrations"."version" FROM "schema_migrations" ORDER BY "schema_migrations"."version" ASC[0m
  
ActionController::RoutingError (No route matches [GET] "/test/reset_database"):
  
  [1m[35m (0.2ms)[0m  [1m[34mSELECT pg_try_advisory_lock(7833668960711651190)[0m
  [1m[35m (1.0ms)[0m  [1m[34mSELECT "schema_migrations"."version" FROM "schema_migrations" ORDER BY "schema_migrations"."version" ASC[0m
Migrating to CreateUsers (20220320025143)
  [1m[36mTRANSACTION (0.1ms)[0m  [1m[35mBEGIN[0m
  [1m[35m (17.2ms)[0m  [1m[35mCREATE TABLE "users" ("id" bigserial primary key, "first_name" character varying, "last_name" character varying, "email" character varying, "password" character varying, "created_at" timestamp(6) NOT NULL, "updated_at" timestamp(6) NOT NULL)[0m
  [1m[36mActiveRecord::SchemaMigration Create (0.3ms)[0m  [1m[32mINSERT INTO "schema_migrations" ("version") VALUES ($1) RETURNING "version"[0m  [["version", "20220320025143"]]
  [1m[36mTRANSACTION (0.8ms)[0m  [1m[35mCOMMIT[0m
  [1m[36mActiveRecord::InternalMetadata Load (4.9ms)[0m  [1m[34mSELECT "ar_internal_metadata".* FROM "ar_internal_metadata" WHERE "ar_internal_metadata"."key" = $1 LIMIT $2[0m  [["key", "environment"], ["LIMIT", 1]]
  [1m[35m (0.3ms)[0m  [1m[34mSELECT pg_advisory_unlock(7833668960711651190)[0m
  [1m[35m (1.2ms)[0m  [1m[34mSELECT "schema_migrations"."version" FROM "schema_migrations" ORDER BY "schema_migrations"."version" ASC[0m
  [1m[35m (0.9ms)[0m  [1m[34mSELECT "schema_migrations"."version" FROM "schema_migrations" ORDER BY "schema_migrations"."version" ASC[0m
  [1m[35m (0.8ms)[0m  [1m[34mSELECT "schema_migrations"."version" FROM "schema_migrations" ORDER BY "schema_migrations"."version" ASC[0m
  [1m[35m (0.9ms)[0m  [1m[34mSELECT "schema_migrations"."version" FROM "schema_migrations" ORDER BY "schema_migrations"."version" ASC[0m
  [1m[36mFoodItem Load (2.3ms)[0m  [1m[34mSELECT "food_items".* FROM "food_items"[0m
  [1m[36mTRANSACTION (0.1ms)[0m  [1m[35mBEGIN[0m
  [1m[36mFoodItem Destroy (5.6ms)[0m  [1m[31mDELETE FROM "food_items" WHERE "food_items"."id" = $1[0m  [["id", 1]]
  [1m[36mTRANSACTION (0.5ms)[0m  [1m[35mCOMMIT[0m
  [1m[36mTRANSACTION (0.1ms)[0m  [1m[35mBEGIN[0m
  [1m[36mFoodItem Destroy (0.2ms)[0m  [1m[31mDELETE FROM "food_items" WHERE "food_items"."id" = $1[0m  [["id", 2]]
  [1m[36mTRANSACTION (0.2ms)[0m  [1m[35mCOMMIT[0m
  [1m[36mTRANSACTION (0.1ms)[0m  [1m[35mBEGIN[0m
  [1m[36mFoodItem Destroy (0.2ms)[0m  [1m[31mDELETE FROM "food_items" WHERE "food_items"."id" = $1[0m  [["id", 3]]
  [1m[36mTRANSACTION (0.1ms)[0m  [1m[35mCOMMIT[0m
  [1m[36mTRANSACTION (0.1ms)[0m  [1m[35mBEGIN[0m
  [1m[36mFoodItem Destroy (0.1ms)[0m  [1m[31mDELETE FROM "food_items" WHERE "food_items"."id" = $1[0m  [["id", 4]]
  [1m[36mTRANSACTION (0.1ms)[0m  [1m[35mCOMMIT[0m
  [1m[36mTRANSACTION (0.1ms)[0m  [1m[35mBEGIN[0m
  [1m[36mFoodItem Create (0.6ms)[0m  [1m[32mINSERT INTO "food_items" ("name", "quantity", "quantity_units", "price", "purchased", "expires", "created_at", "updated_at") VALUES ($1, $2, $3, $4, $5, $6, $7, $8) RETURNING "id"[0m  [["name", "Milk"], ["quantity", 1], ["quantity_units", "each"], ["price", 4.29], ["purchased", "2022-02-14"], ["expires", "2022-02-25"], ["created_at", "2022-03-20 03:20:02.178107"], ["updated_at", "2022-03-20 03:20:02.178107"]]
  [1m[36mTRANSACTION (0.2ms)[0m  [1m[35mCOMMIT[0m
  [1m[36mTRANSACTION (0.1ms)[0m  [1m[35mBEGIN[0m
  [1m[36mFoodItem Create (0.2ms)[0m  [1m[32mINSERT INTO "food_items" ("name", "quantity", "quantity_units", "price", "purchased", "expires", "created_at", "updated_at") VALUES ($1, $2, $3, $4, $5, $6, $7, $8) RETURNING "id"[0m  [["name", "Cheddar"], ["quantity", 1], ["quantity_units", "each"], ["price", 8.49], ["purchased", "2022-02-14"], ["expires", "2022-04-25"], ["created_at", "2022-03-20 03:20:02.181918"], ["updated_at", "2022-03-20 03:20:02.181918"]]
  [1m[36mTRANSACTION (0.2ms)[0m  [1m[35mCOMMIT[0m
  [1m[36mTRANSACTION (0.1ms)[0m  [1m[35mBEGIN[0m
  [1m[36mFoodItem Create (0.2ms)[0m  [1m[32mINSERT INTO "food_items" ("name", "quantity", "quantity_units", "price", "purchased", "expires", "created_at", "updated_at") VALUES ($1, $2, $3, $4, $5, $6, $7, $8) RETURNING "id"[0m  [["name", "Banana"], ["quantity", 6], ["quantity_units", "each"], ["price", 0.45], ["purchased", "2022-03-01"], ["expires", "2022-03-08"], ["created_at", "2022-03-20 03:20:02.183598"], ["updated_at", "2022-03-20 03:20:02.183598"]]
  [1m[36mTRANSACTION (0.2ms)[0m  [1m[35mCOMMIT[0m
  [1m[36mTRANSACTION (0.1ms)[0m  [1m[35mBEGIN[0m
  [1m[36mFoodItem Create (0.4ms)[0m  [1m[32mINSERT INTO "food_items" ("name", "quantity", "quantity_units", "price", "purchased", "expires", "created_at", "updated_at") VALUES ($1, $2, $3, $4, $5, $6, $7, $8) RETURNING "id"[0m  [["name", "Mushroom Soup"], ["quantity", 1], ["quantity_units", "each"], ["price", 1.29], ["purchased", "2022-02-14"], ["expires", "2023-02-14"], ["created_at", "2022-03-20 03:20:02.185254"], ["updated_at", "2022-03-20 03:20:02.185254"]]
  [1m[36mTRANSACTION (0.2ms)[0m  [1m[35mCOMMIT[0m
  [1m[36mTRANSACTION (0.1ms)[0m  [1m[35mBEGIN[0m
  [1m[36mUser Create (1.4ms)[0m  [1m[32mINSERT INTO "users" ("first_name", "last_name", "email", "password", "created_at", "updated_at") VALUES ($1, $2, $3, $4, $5, $6) RETURNING "id"[0m  [["first_name", "Riley"], ["last_name", "Paul"], ["email", "rileypaul96@gmail.com"], ["password", "123456"], ["created_at", "2022-03-20 03:20:02.195106"], ["updated_at", "2022-03-20 03:20:02.195106"]]
  [1m[36mTRANSACTION (0.2ms)[0m  [1m[35mCOMMIT[0m
  [1m[36mTRANSACTION (0.1ms)[0m  [1m[35mBEGIN[0m
  [1m[36mUser Create (0.2ms)[0m  [1m[32mINSERT INTO "users" ("first_name", "last_name", "email", "password", "created_at", "updated_at") VALUES ($1, $2, $3, $4, $5, $6) RETURNING "id"[0m  [["first_name", "Stanislav"], ["last_name", "Plotnick"], ["email", "splotnikov74@gmail.com"], ["password", "123456"], ["created_at", "2022-03-20 03:20:02.198173"], ["updated_at", "2022-03-20 03:20:02.198173"]]
  [1m[36mTRANSACTION (0.2ms)[0m  [1m[35mCOMMIT[0m
  [1m[36mTRANSACTION (0.1ms)[0m  [1m[35mBEGIN[0m
  [1m[36mUser Create (0.2ms)[0m  [1m[32mINSERT INTO "users" ("first_name", "last_name", "email", "password", "created_at", "updated_at") VALUES ($1, $2, $3, $4, $5, $6) RETURNING "id"[0m  [["first_name", "Darcy"], ["last_name", "Lauder"], ["email", "darcy.lauder@shaw.ca"], ["password", "123456"], ["created_at", "2022-03-20 03:20:02.199910"], ["updated_at", "2022-03-20 03:20:02.199910"]]
  [1m[36mTRANSACTION (0.3ms)[0m  [1m[35mCOMMIT[0m
Started GET "/" for ::1 at 2022-03-19 21:34:28 -0600
  [1m[35m (1.2ms)[0m  [1m[34mSELECT "schema_migrations"."version" FROM "schema_migrations" ORDER BY "schema_migrations"."version" ASC[0m
Processing by PagesController#home as HTML
  Rendering layout layouts/application.html.erb
  Rendering pages/home.html.erb within layouts/application
[Webpacker] Compiling...
[Webpacker] Compiled all packs in /Users/darcy/lighthouse/final/food-manager/public/packs
[Webpacker] Hash: 35b333413396fe6830d6
Version: webpack 4.46.0
Time: 904ms
Built at: 2022-03-19 9:34:30 p.m.
                                          Asset      Size            Chunks                         Chunk Names
         js/application-d63b86b8efd64c5abf09.js   1.4 MiB       application  [emitted] [immutable]  application
     js/application-d63b86b8efd64c5abf09.js.map   1.6 MiB       application  [emitted] [dev]        application
         js/hello_react-72425c52cea158963ca5.js  1.06 MiB       hello_react  [emitted] [immutable]  hello_react
     js/hello_react-72425c52cea158963ca5.js.map  1.22 MiB       hello_react  [emitted] [dev]        hello_react
    js/server_rendering-88469936abc6220e43af.js  1.28 MiB  server_rendering  [emitted] [immutable]  server_rendering
js/server_rendering-88469936abc6220e43af.js.map  1.47 MiB  server_rendering  [emitted] [dev]        server_rendering
                                  manifest.json  1.05 KiB                    [emitted]              
Entrypoint application = js/application-d63b86b8efd64c5abf09.js js/application-d63b86b8efd64c5abf09.js.map
Entrypoint hello_react = js/hello_react-72425c52cea158963ca5.js js/hello_react-72425c52cea158963ca5.js.map
Entrypoint server_rendering = js/server_rendering-88469936abc6220e43af.js js/server_rendering-88469936abc6220e43af.js.map
[./app/javascript/channels sync recursive _channel\.js$] ./app/javascript/channels sync _channel\.js$ 160 bytes {application} [built]
[./app/javascript/channels/index.js] 211 bytes {application} [built]
[./app/javascript/components sync recursive ^\.\/.*$] ./app/javascript/components sync ^\.\/.*$ 340 bytes {application} {server_rendering} [built]
[./app/javascript/packs/application.js] 710 bytes {application} [built]
[./app/javascript/packs/hello_react.jsx] 748 bytes {hello_react} [built]
[./app/javascript/packs/server_rendering.js] 301 bytes {server_rendering} [built]
[./node_modules/webpack/buildin/module.js] (webpack)/buildin/module.js 552 bytes {application} [built]
    + 38 hidden modules

  Rendered pages/home.html.erb within layouts/application (Duration: 1681.5ms | Allocations: 3941)
[Webpacker] Everything's up-to-date. Nothing to do
  Rendered layout layouts/application.html.erb (Duration: 1709.4ms | Allocations: 24624)
Completed 200 OK in 1716ms (Views: 1711.2ms | ActiveRecord: 0.0ms | Allocations: 27331)


Started GET "/" for ::1 at 2022-03-19 21:34:30 -0600
Processing by PagesController#home as HTML
  Rendering layout layouts/application.html.erb
  Rendering pages/home.html.erb within layouts/application
[Webpacker] Everything's up-to-date. Nothing to do
  Rendered pages/home.html.erb within layouts/application (Duration: 5.5ms | Allocations: 4923)
[Webpacker] Everything's up-to-date. Nothing to do
  Rendered layout layouts/application.html.erb (Duration: 13.9ms | Allocations: 10786)
Completed 200 OK in 15ms (Views: 14.2ms | ActiveRecord: 0.0ms | Allocations: 11290)


  
ActionController::RoutingError (No route matches [GET] "/assets/bootstrap-sprockets"):
  
  
ActionController::RoutingError (No route matches [GET] "/assets/products"):
  
  
ActionController::RoutingError (No route matches [GET] "/assets/font-awesome"):
  
  
ActionController::RoutingError (No route matches [GET] "/assets/bootstrap"):
  
Started GET "/" for ::1 at 2022-03-19 21:50:54 -0600
  [1m[35m (1.4ms)[0m  [1m[34mSELECT "schema_migrations"."version" FROM "schema_migrations" ORDER BY "schema_migrations"."version" ASC[0m
Processing by PagesController#home as HTML
  Rendering layout layouts/application.html.erb
  Rendering pages/home.html.erb within layouts/application
[Webpacker] Compiling...
[Webpacker] Compiled all packs in /Users/darcy/lighthouse/final/food-manager/public/packs
[Webpacker] Hash: 37beafa86bf06038e9e5
Version: webpack 4.46.0
Time: 907ms
Built at: 2022-03-19 9:50:56 p.m.
                                          Asset      Size            Chunks                         Chunk Names
         js/application-d63b86b8efd64c5abf09.js   1.4 MiB       application  [emitted] [immutable]  application
     js/application-d63b86b8efd64c5abf09.js.map   1.6 MiB       application  [emitted] [dev]        application
         js/hello_react-382fa3e0ce80a3fa108c.js  1.06 MiB       hello_react  [emitted] [immutable]  hello_react
     js/hello_react-382fa3e0ce80a3fa108c.js.map  1.22 MiB       hello_react  [emitted] [dev]        hello_react
    js/server_rendering-88469936abc6220e43af.js  1.28 MiB  server_rendering  [emitted] [immutable]  server_rendering
js/server_rendering-88469936abc6220e43af.js.map  1.47 MiB  server_rendering  [emitted] [dev]        server_rendering
                                  manifest.json  1.05 KiB                    [emitted]              
Entrypoint application = js/application-d63b86b8efd64c5abf09.js js/application-d63b86b8efd64c5abf09.js.map
Entrypoint hello_react = js/hello_react-382fa3e0ce80a3fa108c.js js/hello_react-382fa3e0ce80a3fa108c.js.map
Entrypoint server_rendering = js/server_rendering-88469936abc6220e43af.js js/server_rendering-88469936abc6220e43af.js.map
[./app/javascript/channels sync recursive _channel\.js$] ./app/javascript/channels sync _channel\.js$ 160 bytes {application} [built]
[./app/javascript/channels/index.js] 211 bytes {application} [built]
[./app/javascript/components sync recursive ^\.\/.*$] ./app/javascript/components sync ^\.\/.*$ 340 bytes {application} {server_rendering} [built]
[./app/javascript/packs/application.js] 710 bytes {application} [built]
[./app/javascript/packs/hello_react.jsx] 912 bytes {hello_react} [built]
[./app/javascript/packs/server_rendering.js] 301 bytes {server_rendering} [built]
[./node_modules/webpack/buildin/module.js] (webpack)/buildin/module.js 552 bytes {application} [built]
    + 38 hidden modules

  Rendered pages/home.html.erb within layouts/application (Duration: 1679.4ms | Allocations: 3587)
[Webpacker] Everything's up-to-date. Nothing to do
  Rendered layout layouts/application.html.erb (Duration: 1684.6ms | Allocations: 7349)
Completed 200 OK in 1686ms (Views: 1685.1ms | ActiveRecord: 0.0ms | Allocations: 8145)


  
ActionController::RoutingError (No route matches [GET] "/assets/bootstrap"):
  
  
ActionController::RoutingError (No route matches [GET] "/assets/bootstrap-sprockets"):
  
  
ActionController::RoutingError (No route matches [GET] "/assets/font-awesome"):
  
  
ActionController::RoutingError (No route matches [GET] "/assets/products"):
  
Started GET "/" for ::1 at 2022-03-19 21:51:03 -0600
Processing by PagesController#home as HTML
  Rendering layout layouts/application.html.erb
  Rendering pages/home.html.erb within layouts/application
[Webpacker] Everything's up-to-date. Nothing to do
  Rendered pages/home.html.erb within layouts/application (Duration: 7.8ms | Allocations: 2239)
[Webpacker] Everything's up-to-date. Nothing to do
  Rendered layout layouts/application.html.erb (Duration: 18.5ms | Allocations: 5784)
Completed 200 OK in 21ms (Views: 19.4ms | ActiveRecord: 0.0ms | Allocations: 6260)


  
ActionController::RoutingError (No route matches [GET] "/assets/bootstrap-sprockets"):
  
  
ActionController::RoutingError (No route matches [GET] "/assets/products"):
  
  
ActionController::RoutingError (No route matches [GET] "/assets/bootstrap"):
  
  
ActionController::RoutingError (No route matches [GET] "/assets/font-awesome"):
  
Started GET "/" for ::1 at 2022-03-19 21:51:07 -0600
Processing by PagesController#home as HTML
  Rendering layout layouts/application.html.erb
  Rendering pages/home.html.erb within layouts/application
[Webpacker] Everything's up-to-date. Nothing to do
  Rendered pages/home.html.erb within layouts/application (Duration: 6.6ms | Allocations: 2239)
[Webpacker] Everything's up-to-date. Nothing to do
  Rendered layout layouts/application.html.erb (Duration: 16.2ms | Allocations: 5783)
Completed 200 OK in 18ms (Views: 16.9ms | ActiveRecord: 0.0ms | Allocations: 6238)


  
ActionController::RoutingError (No route matches [GET] "/assets/font-awesome"):
  
  
ActionController::RoutingError (No route matches [GET] "/assets/products"):
  
  
ActionController::RoutingError (No route matches [GET] "/assets/bootstrap"):
  
Started GET "/" for ::1 at 2022-03-19 21:52:14 -0600
Processing by PagesController#home as HTML
  Rendering layout layouts/application.html.erb
  Rendering pages/home.html.erb within layouts/application
[Webpacker] Compiling...
[Webpacker] Compiled all packs in /Users/darcy/lighthouse/final/food-manager/public/packs
[Webpacker] Hash: 43e99f09306c2b711088
Version: webpack 4.46.0
Time: 939ms
Built at: 2022-03-19 9:52:16 p.m.
                                          Asset      Size            Chunks                         Chunk Names
         js/application-4d540a693fbc80828a69.js   1.4 MiB       application  [emitted] [immutable]  application
     js/application-4d540a693fbc80828a69.js.map   1.6 MiB       application  [emitted] [dev]        application
         js/hello_react-3eea2674a0b133163389.js  1.06 MiB       hello_react  [emitted] [immutable]  hello_react
     js/hello_react-3eea2674a0b133163389.js.map  1.22 MiB       hello_react  [emitted] [dev]        hello_react
    js/server_rendering-dde36e1b7c9a4c2fd1db.js  1.28 MiB  server_rendering  [emitted] [immutable]  server_rendering
js/server_rendering-dde36e1b7c9a4c2fd1db.js.map  1.47 MiB  server_rendering  [emitted] [dev]        server_rendering
                                  manifest.json  1.05 KiB                    [emitted]              
Entrypoint application = js/application-4d540a693fbc80828a69.js js/application-4d540a693fbc80828a69.js.map
Entrypoint hello_react = js/hello_react-3eea2674a0b133163389.js js/hello_react-3eea2674a0b133163389.js.map
Entrypoint server_rendering = js/server_rendering-dde36e1b7c9a4c2fd1db.js js/server_rendering-dde36e1b7c9a4c2fd1db.js.map
[./app/javascript/channels sync recursive _channel\.js$] ./app/javascript/channels sync _channel\.js$ 160 bytes {application} [built]
[./app/javascript/channels/index.js] 211 bytes {application} [built]
[./app/javascript/components sync recursive ^\.\/.*$] ./app/javascript/components sync ^\.\/.*$ 340 bytes {application} {server_rendering} [built]
[./app/javascript/packs/application.js] 710 bytes {application} [built]
[./app/javascript/packs/hello_react.jsx] 748 bytes {hello_react} [built]
[./app/javascript/packs/server_rendering.js] 301 bytes {server_rendering} [built]
[./node_modules/webpack/buildin/module.js] (webpack)/buildin/module.js 552 bytes {application} [built]
    + 38 hidden modules

  Rendered pages/home.html.erb within layouts/application (Duration: 1668.1ms | Allocations: 3585)
[Webpacker] Everything's up-to-date. Nothing to do
  Rendered layout layouts/application.html.erb (Duration: 1672.5ms | Allocations: 7257)
Completed 200 OK in 1674ms (Views: 1673.1ms | ActiveRecord: 0.0ms | Allocations: 8052)


  
ActionController::RoutingError (No route matches [GET] "/assets/bootstrap"):
  
  
ActionController::RoutingError (No route matches [GET] "/assets/font-awesome"):
  
  
ActionController::RoutingError (No route matches [GET] "/assets/bootstrap-sprockets"):
  
  
ActionController::RoutingError (No route matches [GET] "/assets/products"):
  
Started GET "/" for ::1 at 2022-03-19 21:54:44 -0600
Processing by PagesController#home as HTML
  Rendering layout layouts/application.html.erb
  Rendering pages/home.html.erb within layouts/application
[Webpacker] Compiling...
[Webpacker] Compiled all packs in /Users/darcy/lighthouse/final/food-manager/public/packs
[Webpacker] Hash: 9a770f842d1af90714c5
Version: webpack 4.46.0
Time: 927ms
Built at: 2022-03-19 9:54:46 p.m.
                                          Asset      Size            Chunks                         Chunk Names
         js/application-d0f91c11c239aa893dee.js   1.4 MiB       application  [emitted] [immutable]  application
     js/application-d0f91c11c239aa893dee.js.map   1.6 MiB       application  [emitted] [dev]        application
         js/hello_react-4e42d5ac8df1f059c645.js  1.11 MiB       hello_react  [emitted] [immutable]  hello_react
     js/hello_react-4e42d5ac8df1f059c645.js.map  1.28 MiB       hello_react  [emitted] [dev]        hello_react
    js/server_rendering-102c6c69cb393826fc59.js  1.28 MiB  server_rendering  [emitted] [immutable]  server_rendering
js/server_rendering-102c6c69cb393826fc59.js.map  1.47 MiB  server_rendering  [emitted] [dev]        server_rendering
                                  manifest.json  1.05 KiB                    [emitted]              
Entrypoint application = js/application-d0f91c11c239aa893dee.js js/application-d0f91c11c239aa893dee.js.map
Entrypoint hello_react = js/hello_react-4e42d5ac8df1f059c645.js js/hello_react-4e42d5ac8df1f059c645.js.map
Entrypoint server_rendering = js/server_rendering-102c6c69cb393826fc59.js js/server_rendering-102c6c69cb393826fc59.js.map
[./app/javascript/channels sync recursive _channel\.js$] ./app/javascript/channels sync _channel\.js$ 160 bytes {application} [built]
[./app/javascript/channels/index.js] 211 bytes {application} [built]
[./app/javascript/components sync recursive ^\.\/.*$] ./app/javascript/components sync ^\.\/.*$ 340 bytes {application} {server_rendering} [built]
[./app/javascript/packs/application.js] 710 bytes {application} [built]
[./app/javascript/packs/hello_react.jsx] 748 bytes {hello_react} [built]
[./app/javascript/packs/server_rendering.js] 301 bytes {server_rendering} [built]
[./node_modules/webpack/buildin/module.js] (webpack)/buildin/module.js 552 bytes {application} [built]
    + 38 hidden modules

  Rendered pages/home.html.erb within layouts/application (Duration: 1638.7ms | Allocations: 3586)
[Webpacker] Everything's up-to-date. Nothing to do
  Rendered layout layouts/application.html.erb (Duration: 1642.8ms | Allocations: 7258)
Completed 200 OK in 1644ms (Views: 1643.4ms | ActiveRecord: 0.0ms | Allocations: 8054)


  
ActionController::RoutingError (No route matches [GET] "/assets/bootstrap-sprockets"):
  
  
ActionController::RoutingError (No route matches [GET] "/assets/font-awesome"):
  
  
ActionController::RoutingError (No route matches [GET] "/assets/products"):
  
  
ActionController::RoutingError (No route matches [GET] "/assets/bootstrap"):
  
  
ActionController::RoutingError (No route matches [GET] "/assets/bootstrap"):
  
  
ActionController::RoutingError (No route matches [GET] "/assets/bootstrap-sprockets"):
  
  
ActionController::RoutingError (No route matches [GET] "/assets/font-awesome"):
  
  
ActionController::RoutingError (No route matches [GET] "/assets/products"):
  
Started GET "/" for ::1 at 2022-03-20 20:36:20 -0600
Processing by PagesController#home as HTML
  Rendering layout layouts/application.html.erb
  Rendering pages/home.html.erb within layouts/application
[Webpacker] Compiling...
[Webpacker] Compilation failed:
Hash: e33e7139a85546b18ad1
Version: webpack 4.46.0
Time: 1764ms
Built at: 2022-03-20 8:36:23 p.m.
                                          Asset      Size            Chunks                         Chunk Names
         js/application-0b405cb7295a3d067bef.js  1.92 MiB       application  [emitted] [immutable]  application
     js/application-0b405cb7295a3d067bef.js.map  1.95 MiB       application  [emitted] [dev]        application
         js/hello_react-dd7c9e3f09d358fe47e6.js  1.07 MiB       hello_react  [emitted] [immutable]  hello_react
     js/hello_react-dd7c9e3f09d358fe47e6.js.map  1.23 MiB       hello_react  [emitted] [dev]        hello_react
    js/server_rendering-858dfbf9571acee2b230.js   1.8 MiB  server_rendering  [emitted] [immutable]  server_rendering
js/server_rendering-858dfbf9571acee2b230.js.map  1.82 MiB  server_rendering  [emitted] [dev]        server_rendering
                                  manifest.json  1.05 KiB                    [emitted]              
Entrypoint application = js/application-0b405cb7295a3d067bef.js js/application-0b405cb7295a3d067bef.js.map
Entrypoint hello_react = js/hello_react-dd7c9e3f09d358fe47e6.js js/hello_react-dd7c9e3f09d358fe47e6.js.map
Entrypoint server_rendering = js/server_rendering-858dfbf9571acee2b230.js js/server_rendering-858dfbf9571acee2b230.js.map
[./app/javascript/channels sync recursive _channel\.js$] ./app/javascript/channels sync _channel\.js$ 160 bytes {application} [built]
[./app/javascript/channels/index.js] 211 bytes {application} [built]
[./app/javascript/components sync recursive ^\.\/.*$] ./app/javascript/components sync ^\.\/.*$ 1.65 KiB {application} {server_rendering} [built]
[./app/javascript/packs/application.js] 710 bytes {application} [built]
[./app/javascript/packs/hello_react.jsx] 748 bytes {hello_react} [built]
[./app/javascript/packs/server_rendering.js] 301 bytes {server_rendering} [built]
[./node_modules/webpack/buildin/global.js] (webpack)/buildin/global.js 863 bytes {application} {server_rendering} [built]
[./node_modules/webpack/buildin/harmony-module.js] (webpack)/buildin/harmony-module.js 631 bytes {application} {server_rendering} [built]
[./node_modules/webpack/buildin/module.js] (webpack)/buildin/module.js 552 bytes {application} [built]
    + 283 hidden modules

WARNING in ./app/javascript/components/Button.jsx
Module build failed (from ./node_modules/babel-loader/lib/index.js):
Error: /Users/darcy/lighthouse/final/food-manager/app/javascript/components/Button.jsx: Cannot find module '@fortawesome/fontawesome-svg-core/import.macro' from '/Users/darcy/lighthouse/final/food-manager/app/javascript/components'
    at Function.resolveSync [as sync] (/Users/darcy/lighthouse/final/food-manager/node_modules/resolve/lib/sync.js:111:15)
    at nodeResolvePath (/Users/darcy/lighthouse/final/food-manager/node_modules/babel-plugin-macros/dist/index.js:68:18)
    at applyMacros (/Users/darcy/lighthouse/final/food-manager/node_modules/babel-plugin-macros/dist/index.js:207:23)
    at ImportDeclaration (/Users/darcy/lighthouse/final/food-manager/node_modules/babel-plugin-macros/dist/index.js:114:28)
    at NodePath._call (/Users/darcy/lighthouse/final/food-manager/node_modules/@babel/traverse/lib/path/context.js:53:20)
    at NodePath.call (/Users/darcy/lighthouse/final/food-manager/node_modules/@babel/traverse/lib/path/context.js:40:17)
    at NodePath.visit (/Users/darcy/lighthouse/final/food-manager/node_modules/@babel/traverse/lib/path/context.js:100:31)
    at TraversalContext.visitQueue (/Users/darcy/lighthouse/final/food-manager/node_modules/@babel/traverse/lib/context.js:103:16)
    at TraversalContext.visitMultiple (/Users/darcy/lighthouse/final/food-manager/node_modules/@babel/traverse/lib/context.js:72:17)
    at TraversalContext.visit (/Users/darcy/lighthouse/final/food-manager/node_modules/@babel/traverse/lib/context.js:129:19)
    at traverseNode (/Users/darcy/lighthouse/final/food-manager/node_modules/@babel/traverse/lib/traverse-node.js:24:17)
    at traverse (/Users/darcy/lighthouse/final/food-manager/node_modules/@babel/traverse/lib/index.js:62:34)
    at NodePath.traverse (/Users/darcy/lighthouse/final/food-manager/node_modules/@babel/traverse/lib/path/index.js:147:24)
    at PluginPass.Program (/Users/darcy/lighthouse/final/food-manager/node_modules/babel-plugin-macros/dist/index.js:95:18)
    at newFn (/Users/darcy/lighthouse/final/food-manager/node_modules/@babel/traverse/lib/visitors.js:177:21)
    at NodePath._call (/Users/darcy/lighthouse/final/food-manager/node_modules/@babel/traverse/lib/path/context.js:53:20)
    at NodePath.call (/Users/darcy/lighthouse/final/food-manager/node_modules/@babel/traverse/lib/path/context.js:40:17)
    at NodePath.visit (/Users/darcy/lighthouse/final/food-manager/node_modules/@babel/traverse/lib/path/context.js:100:31)
    at TraversalContext.visitQueue (/Users/darcy/lighthouse/final/food-manager/node_modules/@babel/traverse/lib/context.js:103:16)
    at TraversalContext.visitSingle (/Users/darcy/lighthouse/final/food-manager/node_modules/@babel/traverse/lib/context.js:77:19)
    at TraversalContext.visit (/Users/darcy/lighthouse/final/food-manager/node_modules/@babel/traverse/lib/context.js:131:19)
    at traverseNode (/Users/darcy/lighthouse/final/food-manager/node_modules/@babel/traverse/lib/traverse-node.js:24:17)
    at traverse (/Users/darcy/lighthouse/final/food-manager/node_modules/@babel/traverse/lib/index.js:62:34)
    at transformFile (/Users/darcy/lighthouse/final/food-manager/node_modules/@babel/core/lib/transformation/index.js:108:29)
    at transformFile.next (<anonymous>)
    at run (/Users/darcy/lighthouse/final/food-manager/node_modules/@babel/core/lib/transformation/index.js:35:12)
    at run.next (<anonymous>)
    at Function.transform (/Users/darcy/lighthouse/final/food-manager/node_modules/@babel/core/lib/transform.js:25:41)
    at transform.next (<anonymous>)
    at step (/Users/darcy/lighthouse/final/food-manager/node_modules/gensync/index.js:261:32)
 @ ./app/javascript/components sync ^\.\/.*$ ./Button.jsx
 @ ./app/javascript/packs/application.js

WARNING in ./app/javascript/components/buttons/Button.jsx
Module build failed (from ./node_modules/babel-loader/lib/index.js):
Error: /Users/darcy/lighthouse/final/food-manager/app/javascript/components/buttons/Button.jsx: Cannot find module '@fortawesome/fontawesome-svg-core/import.macro' from '/Users/darcy/lighthouse/final/food-manager/app/javascript/components/buttons'
    at Function.resolveSync [as sync] (/Users/darcy/lighthouse/final/food-manager/node_modules/resolve/lib/sync.js:111:15)
    at nodeResolvePath (/Users/darcy/lighthouse/final/food-manager/node_modules/babel-plugin-macros/dist/index.js:68:18)
    at applyMacros (/Users/darcy/lighthouse/final/food-manager/node_modules/babel-plugin-macros/dist/index.js:207:23)
    at ImportDeclaration (/Users/darcy/lighthouse/final/food-manager/node_modules/babel-plugin-macros/dist/index.js:114:28)
    at NodePath._call (/Users/darcy/lighthouse/final/food-manager/node_modules/@babel/traverse/lib/path/context.js:53:20)
    at NodePath.call (/Users/darcy/lighthouse/final/food-manager/node_modules/@babel/traverse/lib/path/context.js:40:17)
    at NodePath.visit (/Users/darcy/lighthouse/final/food-manager/node_modules/@babel/traverse/lib/path/context.js:100:31)
    at TraversalContext.visitQueue (/Users/darcy/lighthouse/final/food-manager/node_modules/@babel/traverse/lib/context.js:103:16)
    at TraversalContext.visitMultiple (/Users/darcy/lighthouse/final/food-manager/node_modules/@babel/traverse/lib/context.js:72:17)
    at TraversalContext.visit (/Users/darcy/lighthouse/final/food-manager/node_modules/@babel/traverse/lib/context.js:129:19)
    at traverseNode (/Users/darcy/lighthouse/final/food-manager/node_modules/@babel/traverse/lib/traverse-node.js:24:17)
    at traverse (/Users/darcy/lighthouse/final/food-manager/node_modules/@babel/traverse/lib/index.js:62:34)
    at NodePath.traverse (/Users/darcy/lighthouse/final/food-manager/node_modules/@babel/traverse/lib/path/index.js:147:24)
    at PluginPass.Program (/Users/darcy/lighthouse/final/food-manager/node_modules/babel-plugin-macros/dist/index.js:95:18)
    at newFn (/Users/darcy/lighthouse/final/food-manager/node_modules/@babel/traverse/lib/visitors.js:177:21)
    at NodePath._call (/Users/darcy/lighthouse/final/food-manager/node_modules/@babel/traverse/lib/path/context.js:53:20)
    at NodePath.call (/Users/darcy/lighthouse/final/food-manager/node_modules/@babel/traverse/lib/path/context.js:40:17)
    at NodePath.visit (/Users/darcy/lighthouse/final/food-manager/node_modules/@babel/traverse/lib/path/context.js:100:31)
    at TraversalContext.visitQueue (/Users/darcy/lighthouse/final/food-manager/node_modules/@babel/traverse/lib/context.js:103:16)
    at TraversalContext.visitSingle (/Users/darcy/lighthouse/final/food-manager/node_modules/@babel/traverse/lib/context.js:77:19)
    at TraversalContext.visit (/Users/darcy/lighthouse/final/food-manager/node_modules/@babel/traverse/lib/context.js:131:19)
    at traverseNode (/Users/darcy/lighthouse/final/food-manager/node_modules/@babel/traverse/lib/traverse-node.js:24:17)
    at traverse (/Users/darcy/lighthouse/final/food-manager/node_modules/@babel/traverse/lib/index.js:62:34)
    at transformFile (/Users/darcy/lighthouse/final/food-manager/node_modules/@babel/core/lib/transformation/index.js:108:29)
    at transformFile.next (<anonymous>)
    at run (/Users/darcy/lighthouse/final/food-manager/node_modules/@babel/core/lib/transformation/index.js:35:12)
    at run.next (<anonymous>)
    at Function.transform (/Users/darcy/lighthouse/final/food-manager/node_modules/@babel/core/lib/transform.js:25:41)
    at transform.next (<anonymous>)
    at step (/Users/darcy/lighthouse/final/food-manager/node_modules/gensync/index.js:261:32)
 @ ./app/javascript/components sync ^\.\/.*$ ./buttons/Button.jsx
 @ ./app/javascript/packs/application.js

ERROR in ./app/javascript/components/locationList/LocationList.jsx
Module not found: Error: Can't resolve '../../helpers/locationTreeHelpers' in '/Users/darcy/lighthouse/final/food-manager/app/javascript/components/locationList'
 @ ./app/javascript/components/locationList/LocationList.jsx 4:0-73 9:21-41
 @ ./app/javascript/components sync ^\.\/.*$
 @ ./app/javascript/packs/application.js

ERROR in ./app/javascript/components/Button.stories.jsx
Module not found: Error: Can't resolve '../../index.scss' in '/Users/darcy/lighthouse/final/food-manager/app/javascript/components'
 @ ./app/javascript/components/Button.stories.jsx 17:0-26
 @ ./app/javascript/components sync ^\.\/.*$
 @ ./app/javascript/packs/application.js

ERROR in ./app/javascript/components/buttons/Button.stories.jsx
Module not found: Error: Can't resolve '../../index.scss' in '/Users/darcy/lighthouse/final/food-manager/app/javascript/components/buttons'
 @ ./app/javascript/components/buttons/Button.stories.jsx 17:0-26
 @ ./app/javascript/components sync ^\.\/.*$
 @ ./app/javascript/packs/application.js

ERROR in ./app/javascript/components/locationList/LocationListItem.stories.jsx
Module not found: Error: Can't resolve '../../index.scss' in '/Users/darcy/lighthouse/final/food-manager/app/javascript/components/locationList'
 @ ./app/javascript/components/locationList/LocationListItem.stories.jsx 4:0-26
 @ ./app/javascript/components sync ^\.\/.*$
 @ ./app/javascript/packs/application.js

ERROR in ./app/javascript/components/App.test.js
Module not found: Error: Can't resolve '@testing-library/react' in '/Users/darcy/lighthouse/final/food-manager/app/javascript/components'
 @ ./app/javascript/components/App.test.js 4:0-56 7:2-8 15:20-26
 @ ./app/javascript/components sync ^\.\/.*$
 @ ./app/javascript/packs/application.js

ERROR in ./app/javascript/components/calendar/CalendarItem.jsx
Module not found: Error: Can't resolve 'classnames' in '/Users/darcy/lighthouse/final/food-manager/app/javascript/components/calendar'
 @ ./app/javascript/components/calendar/CalendarItem.jsx 2:0-36 12:16-26
 @ ./app/javascript/components sync ^\.\/.*$
 @ ./app/javascript/packs/application.js

ERROR in ./app/javascript/components/calendar/Calendar.jsx
Module not found: Error: Can't resolve 'classnames' in '/Users/darcy/lighthouse/final/food-manager/app/javascript/components/calendar'
 @ ./app/javascript/components/calendar/Calendar.jsx 15:0-36
 @ ./app/javascript/components sync ^\.\/.*$
 @ ./app/javascript/packs/application.js

ERROR in ./app/javascript/components/calendar/CalendarDay.jsx
Module not found: Error: Can't resolve 'classnames' in '/Users/darcy/lighthouse/final/food-manager/app/javascript/components/calendar'
 @ ./app/javascript/components/calendar/CalendarDay.jsx 18:0-36 37:16-26
 @ ./app/javascript/components sync ^\.\/.*$
 @ ./app/javascript/packs/application.js

ERROR in ./app/javascript/components/locationList/LocationListItem.jsx
Module not found: Error: Can't resolve 'classnames' in '/Users/darcy/lighthouse/final/food-manager/app/javascript/components/locationList'
 @ ./app/javascript/components/locationList/LocationListItem.jsx 16:0-36 41:16-26
 @ ./app/javascript/components sync ^\.\/.*$
 @ ./app/javascript/packs/application.js

ERROR in ./app/javascript/components/calendar/CalendarItem.jsx
Module not found: Error: Can't resolve 'moment' in '/Users/darcy/lighthouse/final/food-manager/app/javascript/components/calendar'
 @ ./app/javascript/components/calendar/CalendarItem.jsx 3:0-28 11:22-28 13:13-19 13:35-41 14:15-21 14:42-48 14:55-61 15:11-17
 @ ./app/javascript/components sync ^\.\/.*$
 @ ./app/javascript/packs/application.js

ERROR in ./app/javascript/components/calendar/Calendar.jsx
Module not found: Error: Can't resolve 'moment' in '/Users/darcy/lighthouse/final/food-manager/app/javascript/components/calendar'
 @ ./app/javascript/components/calendar/Calendar.jsx 16:0-28 27:27-33 33:21-27 51:19-25 57:26-32 133:15-21 145:25-31 157:15-21
 @ ./app/javascript/components sync ^\.\/.*$
 @ ./app/javascript/packs/application.js

ERROR in ./app/javascript/components/calendar/CalendarDay.jsx
Module not found: Error: Can't resolve 'moment' in '/Users/darcy/lighthouse/final/food-manager/app/javascript/components/calendar'
 @ ./app/javascript/components/calendar/CalendarDay.jsx 17:0-28 27:13-19 35:29-35 38:13-19 38:41-47 39:23-29
 @ ./app/javascript/components sync ^\.\/.*$
 @ ./app/javascript/packs/application.js

  Rendered pages/home.html.erb within layouts/application (Duration: 2600.1ms | Allocations: 4056)
[Webpacker] Everything's up-to-date. Nothing to do
  Rendered layout layouts/application.html.erb (Duration: 2605.0ms | Allocations: 7992)
Completed 200 OK in 2607ms (Views: 2606.5ms | Allocations: 8780)


Started GET "/" for ::1 at 2022-03-20 20:36:23 -0600
Processing by PagesController#home as HTML
  Rendering layout layouts/application.html.erb
  Rendering pages/home.html.erb within layouts/application
[Webpacker] Everything's up-to-date. Nothing to do
  Rendered pages/home.html.erb within layouts/application (Duration: 5.9ms | Allocations: 2503)
[Webpacker] Everything's up-to-date. Nothing to do
  Rendered layout layouts/application.html.erb (Duration: 13.9ms | Allocations: 8472)
Completed 200 OK in 15ms (Views: 14.3ms | Allocations: 9006)


  
ActionController::RoutingError (No route matches [GET] "/assets/bootstrap-sprockets"):
  
  
ActionController::RoutingError (No route matches [GET] "/assets/font-awesome"):
  
  
ActionController::RoutingError (No route matches [GET] "/assets/bootstrap"):
  
  
ActionController::RoutingError (No route matches [GET] "/assets/products"):
  
